<?xml version="1.0" encoding="UTF-8"?>
<testsuites name="TS_1" time="8.547" tests="1" failures="0" errors="0">
   <testsuite name="TS_1" tests="1" failures="0" errors="0" time="8.547" skipped="0" timestamp="14-10-2024T15:56:16" hostname="aditidixit - localhost" id="Test Suites/TS_1">
      <properties>
         <property name="deviceName" value=""/>
         <property name="devicePlatform"/>
         <property name="logFolder" value="/Users/aditidixit/Documents/Shopping-Cart/Reports/20241014_155610/TS_1/20241014_155612"/>
         <property name="logFiles" value="/Users/aditidixit/Documents/Shopping-Cart/Reports/20241014_155610/TS_1/20241014_155612/execution0.log"/>
         <property name="attachments" value=""/>
         <property name="hostName" value="aditidixit - localhost"/>
         <property name="os" value="Mac OS X 64bit"/>
         <property name="katalonVersion" value="9.7.2.223"/>
         <property name="browser" value="Safari 17"/>
         <property name="hostAddress" value="127.0.0.1"/>
         <property name="sessionId" value="713D206A-D34A-4AC7-9A1E-CF482EE978C5"/>
         <property name="seleniumVersion" value="3.141.59"/>
         <property name="proxyInformation" value="ProxyInformation { proxyOption=NO_PROXY, proxyServerType=HTTP, username=, password=********, proxyServerAddress=, proxyServerPort=0, executionList=&quot;&quot;, isApplyToDesiredCapabilities=true }"/>
         <property name="platform" value="Mac OS X"/>
      </properties>
      <testcase name="Test Cases/Custom-keyword samples/Order and check out a single product" time="8.224" classname="Test Cases/Custom-keyword samples/Order and check out a single product" status="PASSED">
         <system-out><![CDATA[14-10-2024T15:56:17 - [TEST_CASE][PASSED] - Test Cases/Custom-keyword samples/Order and check out a single product: Test Cases/Custom-keyword samples/Order and check out a single product

14-10-2024T15:56:17 - [TEST_STEP][PASSED] - sample.Login.loginIntoApplicationWithGlobalVariable(): sample.Login.loginIntoApplicationWithGlobalVariable is PASSED

14-10-2024T15:56:18 - [MESSAGE][INFO] - Starting 'Safari' driver

14-10-2024T15:56:18 - [MESSAGE][INFO] - Action delay is set to 0 milliseconds

14-10-2024T15:56:25 - [MESSAGE][PASSED] - Browser is opened with url: 'http://cms.demo.katalon.com/my-account'

14-10-2024T15:56:25 - [MESSAGE][PASSED] - sample.Login.loginIntoApplicationWithGlobalVariable is PASSED

14-10-2024T15:56:25 - [TEST_STEP][PASSED] - closeBrowser(): Browser is closed

14-10-2024T15:56:25 - [MESSAGE][PASSED] - Browser is closed]]></system-out>
         <system-err><![CDATA[]]></system-err>
      </testcase>
      <system-out><![CDATA[14-10-2024T15:56:16 - [TEST_SUITE][PASSED] - TS_1: Test Cases/Custom-keyword samples/Order and check out a single product]]></system-out>
      <system-err><![CDATA[]]></system-err>
   </testsuite>
</testsuites>
